<?xml version="1.0" encoding="UTF-8"?>
<!-- Generated by org.testng.reporters.JUnitReportReporter -->
<testsuite hostname="TheHomeComputer" name="com.facebook.main.MainPage" tests="1" failures="0" timestamp="29 Jan 2019 03:49:33 GMT" time="237.661" errors="0">
  <testcase name="testone" time="237.661" classname="com.facebook.main.MainPage"/>
</testsuite> <!-- com.facebook.main.MainPage -->
