<?xml version="1.0" encoding="UTF-8"?>
<!-- Generated by org.testng.reporters.JUnitReportReporter -->
<testsuite hostname="TheHomeComputer" name="com.vodafone.testcases.PayMAquisition" tests="1" failures="0" timestamp="31 Jan 2019 04:56:01 GMT" time="271.606" errors="0">
  <testcase name="buyPayM" time="271.606" classname="com.vodafone.testcases.PayMAquisition"/>
</testsuite> <!-- com.vodafone.testcases.PayMAquisition -->
